[0.033s] Invoking command in '/home/ws/build/my_package': CMAKE_PREFIX_PATH=${CMAKE_PREFIX_PATH}:/opt/ros/humble /usr/bin/cmake --build /home/ws/build/my_package -- -j4 -l4
[0.103s] -- Found ament_cmake: 1.3.10 (/opt/ros/humble/share/ament_cmake/cmake)
[0.492s] -- Found rclcpp: 16.0.10 (/opt/ros/humble/share/rclcpp/cmake)
[0.558s] -- Found rosidl_generator_c: 3.1.5 (/opt/ros/humble/share/rosidl_generator_c/cmake)
[0.567s] -- Found rosidl_adapter: 3.1.5 (/opt/ros/humble/share/rosidl_adapter/cmake)
[0.584s] -- Found rosidl_generator_cpp: 3.1.5 (/opt/ros/humble/share/rosidl_generator_cpp/cmake)
[0.615s] -- Using all available rosidl_typesupport_c: rosidl_typesupport_fastrtps_c;rosidl_typesupport_introspection_c
[0.653s] -- Using all available rosidl_typesupport_cpp: rosidl_typesupport_fastrtps_cpp;rosidl_typesupport_introspection_cpp
[0.750s] -- Found rmw_implementation_cmake: 6.1.2 (/opt/ros/humble/share/rmw_implementation_cmake/cmake)
[0.754s] -- Found rmw_fastrtps_cpp: 6.2.7 (/opt/ros/humble/share/rmw_fastrtps_cpp/cmake)
[0.942s] -- Using RMW implementation 'rmw_fastrtps_cpp' as default
[1.096s] -- Found ament_lint_auto: 0.12.11 (/opt/ros/humble/share/ament_lint_auto/cmake)
[1.327s] -- Added test 'cppcheck' to perform static code analysis on C / C++ code
[1.328s] -- Configured cppcheck include dirs: $<BUILD_INTERFACE:/home/ws/my_package/include>
[1.328s] -- Configured cppcheck exclude dirs and/or files: 
[1.330s] -- Added test 'lint_cmake' to check CMake code style
[1.333s] -- Added test 'uncrustify' to check C / C++ code style
[1.333s] -- Configured uncrustify additional arguments: 
[1.334s] -- Added test 'xmllint' to check XML markup files
[1.337s] -- Configuring done
[1.370s] -- Generating done
[1.382s] -- Build files have been written to: /home/ws/build/my_package
[1.449s] [35m[1mConsolidate compiler generated dependencies of target my_node[0m
[1.458s] gmake[2]: *** No rule to make target '/usr/lib/libpigpio.so', needed by 'my_node'.  Stop.
[1.458s] gmake[2]: *** Waiting for unfinished jobs....
[1.476s] [ 50%] [32mBuilding CXX object CMakeFiles/my_node.dir/src/my_node.cpp.o[0m
[2.154s] In file included from [01m[K/home/ws/my_package/include/my_package/my_node.hpp:6[m[K,
[2.154s]                  from [01m[K/home/ws/my_package/src/my_node.cpp:1[m[K:
[2.154s] [01m[K/home/ws/my_package/include/my_package/PinReader.hpp:5:10:[m[K [01;31m[Kfatal error: [m[Kpigpio.h: No such file or directory
[2.155s]     5 | #include [01;31m[K<pigpio.h>[m[K
[2.155s]       |          [01;31m[K^~~~~~~~~~[m[K
[2.156s] compilation terminated.
[2.160s] gmake[2]: *** [CMakeFiles/my_node.dir/build.make:76: CMakeFiles/my_node.dir/src/my_node.cpp.o] Error 1
[2.161s] gmake[1]: *** [CMakeFiles/Makefile2:137: CMakeFiles/my_node.dir/all] Error 2
[2.163s] gmake: *** [Makefile:146: all] Error 2
[2.168s] Invoked command in '/home/ws/build/my_package' returned '2': CMAKE_PREFIX_PATH=${CMAKE_PREFIX_PATH}:/opt/ros/humble /usr/bin/cmake --build /home/ws/build/my_package -- -j4 -l4
