[0.033s] Invoking command in '/home/ws/build/my_package': CMAKE_PREFIX_PATH=${CMAKE_PREFIX_PATH}:/opt/ros/humble /usr/bin/cmake --build /home/ws/build/my_package -- -j4 -l4
[0.099s] -- Found ament_cmake: 1.3.10 (/opt/ros/humble/share/ament_cmake/cmake)
[0.492s] -- Found rclcpp: 16.0.10 (/opt/ros/humble/share/rclcpp/cmake)
[0.587s] -- Found rosidl_generator_c: 3.1.5 (/opt/ros/humble/share/rosidl_generator_c/cmake)
[0.602s] -- Found rosidl_adapter: 3.1.5 (/opt/ros/humble/share/rosidl_adapter/cmake)
[0.625s] -- Found rosidl_generator_cpp: 3.1.5 (/opt/ros/humble/share/rosidl_generator_cpp/cmake)
[0.662s] -- Using all available rosidl_typesupport_c: rosidl_typesupport_fastrtps_c;rosidl_typesupport_introspection_c
[0.711s] -- Using all available rosidl_typesupport_cpp: rosidl_typesupport_fastrtps_cpp;rosidl_typesupport_introspection_cpp
[0.835s] -- Found rmw_implementation_cmake: 6.1.2 (/opt/ros/humble/share/rmw_implementation_cmake/cmake)
[0.842s] -- Found rmw_fastrtps_cpp: 6.2.7 (/opt/ros/humble/share/rmw_fastrtps_cpp/cmake)
[1.042s] -- Found OpenSSL: /usr/lib/aarch64-linux-gnu/libcrypto.so (found version "3.0.2")  
[1.081s] -- Found FastRTPS: /opt/ros/humble/include  
[1.152s] -- Using RMW implementation 'rmw_fastrtps_cpp' as default
[1.174s] -- Looking for pthread.h
[1.399s] -- Looking for pthread.h - found
[1.399s] -- Performing Test CMAKE_HAVE_LIBC_PTHREAD
[1.620s] -- Performing Test CMAKE_HAVE_LIBC_PTHREAD - Success
[1.623s] -- Found Threads: TRUE  
[1.786s] -- Found ament_lint_auto: 0.12.11 (/opt/ros/humble/share/ament_lint_auto/cmake)
[2.023s] -- Added test 'cppcheck' to perform static code analysis on C / C++ code
[2.023s] -- Configured cppcheck include dirs: $<BUILD_INTERFACE:/home/ws/my_package/include>
[2.023s] -- Configured cppcheck exclude dirs and/or files: 
[2.024s] -- Added test 'lint_cmake' to check CMake code style
[2.026s] -- Added test 'uncrustify' to check C / C++ code style
[2.026s] -- Configured uncrustify additional arguments: 
[2.026s] -- Added test 'xmllint' to check XML markup files
[2.028s] -- Configuring done
[2.068s] -- Generating done
[2.080s] -- Build files have been written to: /home/ws/build/my_package
[2.148s] [35m[1mConsolidate compiler generated dependencies of target my_node[0m
[2.176s] [ 50%] [32mBuilding CXX object CMakeFiles/my_node.dir/src/my_node.cpp.o[0m
[3.294s] In file included from [01m[K/home/ws/my_package/include/my_package/my_node.hpp:6[m[K,
[3.297s]                  from [01m[K/home/ws/my_package/src/my_node.cpp:1[m[K:
[3.298s] [01m[K/home/ws/my_package/include/my_package/PinReader.hpp:5:10:[m[K [01;31m[Kfatal error: [m[Kpigpio.h: No such file or directory
[3.298s]     5 | #include [01;31m[K<pigpio.h>[m[K
[3.299s]       |          [01;31m[K^~~~~~~~~~[m[K
[3.299s] compilation terminated.
[3.303s] gmake[2]: *** [CMakeFiles/my_node.dir/build.make:76: CMakeFiles/my_node.dir/src/my_node.cpp.o] Error 1
[3.303s] gmake[1]: *** [CMakeFiles/Makefile2:137: CMakeFiles/my_node.dir/all] Error 2
[3.304s] gmake: *** [Makefile:146: all] Error 2
[3.308s] Invoked command in '/home/ws/build/my_package' returned '2': CMAKE_PREFIX_PATH=${CMAKE_PREFIX_PATH}:/opt/ros/humble /usr/bin/cmake --build /home/ws/build/my_package -- -j4 -l4
