[0.052s] Invoking command in '/home/ws/build/my_package': CMAKE_PREFIX_PATH=${CMAKE_PREFIX_PATH}:/opt/ros/humble /usr/bin/cmake --build /home/ws/build/my_package -- -j4 -l4
[0.120s] -- Found ament_cmake: 1.3.10 (/opt/ros/humble/share/ament_cmake/cmake)
[0.521s] -- Found rclcpp: 16.0.10 (/opt/ros/humble/share/rclcpp/cmake)
[0.590s] -- Found rosidl_generator_c: 3.1.5 (/opt/ros/humble/share/rosidl_generator_c/cmake)
[0.598s] -- Found rosidl_adapter: 3.1.5 (/opt/ros/humble/share/rosidl_adapter/cmake)
[0.616s] -- Found rosidl_generator_cpp: 3.1.5 (/opt/ros/humble/share/rosidl_generator_cpp/cmake)
[0.645s] -- Using all available rosidl_typesupport_c: rosidl_typesupport_fastrtps_c;rosidl_typesupport_introspection_c
[0.685s] -- Using all available rosidl_typesupport_cpp: rosidl_typesupport_fastrtps_cpp;rosidl_typesupport_introspection_cpp
[0.782s] -- Found rmw_implementation_cmake: 6.1.2 (/opt/ros/humble/share/rmw_implementation_cmake/cmake)
[0.785s] -- Found rmw_fastrtps_cpp: 6.2.7 (/opt/ros/humble/share/rmw_fastrtps_cpp/cmake)
[0.973s] -- Using RMW implementation 'rmw_fastrtps_cpp' as default
[1.128s] -- Found ament_lint_auto: 0.12.11 (/opt/ros/humble/share/ament_lint_auto/cmake)
[1.358s] -- Added test 'cppcheck' to perform static code analysis on C / C++ code
[1.361s] -- Configured cppcheck include dirs: $<BUILD_INTERFACE:/home/ws/my_package/include>
[1.361s] -- Configured cppcheck exclude dirs and/or files: 
[1.362s] -- Added test 'lint_cmake' to check CMake code style
[1.364s] -- Added test 'uncrustify' to check C / C++ code style
[1.365s] -- Configured uncrustify additional arguments: 
[1.365s] -- Added test 'xmllint' to check XML markup files
[1.366s] -- Configuring done
[1.413s] -- Generating done
[1.424s] -- Build files have been written to: /home/ws/build/my_package
[1.489s] [35m[1mConsolidate compiler generated dependencies of target my_node[0m
[1.533s] [ 50%] [32m[1mLinking CXX executable my_node[0m
[2.269s] [100%] Built target my_node
[2.300s] Invoked command in '/home/ws/build/my_package' returned '0': CMAKE_PREFIX_PATH=${CMAKE_PREFIX_PATH}:/opt/ros/humble /usr/bin/cmake --build /home/ws/build/my_package -- -j4 -l4
[2.374s] Invoking command in '/home/ws/build/my_package': CMAKE_PREFIX_PATH=${CMAKE_PREFIX_PATH}:/opt/ros/humble /usr/bin/cmake --install /home/ws/build/my_package
[2.392s] -- Install configuration: ""
[2.394s] -- Installing: /home/ws/install/my_package/lib/my_package/my_node
[2.396s] -- Set runtime path of "/home/ws/install/my_package/lib/my_package/my_node" to ""
[2.397s] -- Up-to-date: /home/ws/install/my_package/share/ament_index/resource_index/package_run_dependencies/my_package
[2.397s] -- Installing: /home/ws/install/my_package/share/ament_index/resource_index/parent_prefix_path/my_package
[2.398s] -- Up-to-date: /home/ws/install/my_package/share/my_package/environment/ament_prefix_path.sh
[2.398s] -- Installing: /home/ws/install/my_package/share/my_package/environment/ament_prefix_path.dsv
[2.399s] -- Up-to-date: /home/ws/install/my_package/share/my_package/environment/path.sh
[2.399s] -- Installing: /home/ws/install/my_package/share/my_package/environment/path.dsv
[2.400s] -- Up-to-date: /home/ws/install/my_package/share/my_package/local_setup.bash
[2.400s] -- Up-to-date: /home/ws/install/my_package/share/my_package/local_setup.sh
[2.400s] -- Up-to-date: /home/ws/install/my_package/share/my_package/local_setup.zsh
[2.401s] -- Installing: /home/ws/install/my_package/share/my_package/local_setup.dsv
[2.401s] -- Installing: /home/ws/install/my_package/share/my_package/package.dsv
[2.401s] -- Up-to-date: /home/ws/install/my_package/share/ament_index/resource_index/packages/my_package
[2.402s] -- Up-to-date: /home/ws/install/my_package/share/my_package/cmake/my_packageConfig.cmake
[2.402s] -- Up-to-date: /home/ws/install/my_package/share/my_package/cmake/my_packageConfig-version.cmake
[2.403s] -- Up-to-date: /home/ws/install/my_package/share/my_package/package.xml
[2.408s] Invoked command in '/home/ws/build/my_package' returned '0': CMAKE_PREFIX_PATH=${CMAKE_PREFIX_PATH}:/opt/ros/humble /usr/bin/cmake --install /home/ws/build/my_package
