[0.035s] Invoking command in '/home/ws/build/my_package': CMAKE_PREFIX_PATH=${CMAKE_PREFIX_PATH}:/opt/ros/humble /usr/bin/cmake --build /home/ws/build/my_package -- -j4 -l4
[0.109s] -- Found ament_cmake: 1.3.10 (/opt/ros/humble/share/ament_cmake/cmake)
[0.512s] -- Found rclcpp: 16.0.10 (/opt/ros/humble/share/rclcpp/cmake)
[0.582s] -- Found rosidl_generator_c: 3.1.5 (/opt/ros/humble/share/rosidl_generator_c/cmake)
[0.592s] -- Found rosidl_adapter: 3.1.5 (/opt/ros/humble/share/rosidl_adapter/cmake)
[0.608s] -- Found rosidl_generator_cpp: 3.1.5 (/opt/ros/humble/share/rosidl_generator_cpp/cmake)
[0.637s] -- Using all available rosidl_typesupport_c: rosidl_typesupport_fastrtps_c;rosidl_typesupport_introspection_c
[0.678s] -- Using all available rosidl_typesupport_cpp: rosidl_typesupport_fastrtps_cpp;rosidl_typesupport_introspection_cpp
[0.777s] -- Found rmw_implementation_cmake: 6.1.2 (/opt/ros/humble/share/rmw_implementation_cmake/cmake)
[0.781s] -- Found rmw_fastrtps_cpp: 6.2.7 (/opt/ros/humble/share/rmw_fastrtps_cpp/cmake)
[0.971s] -- Using RMW implementation 'rmw_fastrtps_cpp' as default
[1.129s] -- Found ament_lint_auto: 0.12.11 (/opt/ros/humble/share/ament_lint_auto/cmake)
[1.362s] -- Added test 'cppcheck' to perform static code analysis on C / C++ code
[1.363s] -- Configured cppcheck include dirs: $<BUILD_INTERFACE:/home/ws/my_package/include>
[1.363s] -- Configured cppcheck exclude dirs and/or files: 
[1.364s] -- Added test 'flake8' to check Python code syntax and style conventions
[1.366s] -- Added test 'lint_cmake' to check CMake code style
[1.367s] -- Added test 'pep257' to check Python code against some of the docstring style conventions in PEP 257
[1.370s] -- Added test 'uncrustify' to check C / C++ code style
[1.370s] -- Configured uncrustify additional arguments: 
[1.371s] -- Added test 'xmllint' to check XML markup files
[1.374s] -- Configuring done
[1.407s] -- Generating done
[1.420s] -- Build files have been written to: /home/ws/build/my_package
[1.486s] [35m[1mConsolidate compiler generated dependencies of target my_node[0m
[1.536s] [100%] Built target my_node
[1.562s] Invoked command in '/home/ws/build/my_package' returned '0': CMAKE_PREFIX_PATH=${CMAKE_PREFIX_PATH}:/opt/ros/humble /usr/bin/cmake --build /home/ws/build/my_package -- -j4 -l4
[1.640s] Invoking command in '/home/ws/build/my_package': CMAKE_PREFIX_PATH=${CMAKE_PREFIX_PATH}:/opt/ros/humble /usr/bin/cmake --install /home/ws/build/my_package
[1.658s] -- Install configuration: ""
[1.659s] -- Up-to-date: /home/ws/install/my_package/lib/my_package/my_node
[1.659s] -- Installing: /home/ws/install/my_package/share/my_package/launch
[1.660s] -- Installing: /home/ws/install/my_package/share/my_package/launch/my_node_launch.py
[1.660s] -- Up-to-date: /home/ws/install/my_package/share/ament_index/resource_index/package_run_dependencies/my_package
[1.661s] -- Up-to-date: /home/ws/install/my_package/share/ament_index/resource_index/parent_prefix_path/my_package
[1.661s] -- Up-to-date: /home/ws/install/my_package/share/my_package/environment/ament_prefix_path.sh
[1.661s] -- Installing: /home/ws/install/my_package/share/my_package/environment/ament_prefix_path.dsv
[1.662s] -- Up-to-date: /home/ws/install/my_package/share/my_package/environment/path.sh
[1.662s] -- Installing: /home/ws/install/my_package/share/my_package/environment/path.dsv
[1.663s] -- Up-to-date: /home/ws/install/my_package/share/my_package/local_setup.bash
[1.663s] -- Up-to-date: /home/ws/install/my_package/share/my_package/local_setup.sh
[1.664s] -- Up-to-date: /home/ws/install/my_package/share/my_package/local_setup.zsh
[1.664s] -- Installing: /home/ws/install/my_package/share/my_package/local_setup.dsv
[1.664s] -- Installing: /home/ws/install/my_package/share/my_package/package.dsv
[1.665s] -- Up-to-date: /home/ws/install/my_package/share/ament_index/resource_index/packages/my_package
[1.665s] -- Up-to-date: /home/ws/install/my_package/share/my_package/cmake/my_packageConfig.cmake
[1.665s] -- Up-to-date: /home/ws/install/my_package/share/my_package/cmake/my_packageConfig-version.cmake
[1.666s] -- Up-to-date: /home/ws/install/my_package/share/my_package/package.xml
[1.673s] Invoked command in '/home/ws/build/my_package' returned '0': CMAKE_PREFIX_PATH=${CMAKE_PREFIX_PATH}:/opt/ros/humble /usr/bin/cmake --install /home/ws/build/my_package
