[0.032s] Invoking command in '/home/ws/build/my_package': CMAKE_PREFIX_PATH=${CMAKE_PREFIX_PATH}:/opt/ros/humble /usr/bin/cmake /home/ws/my_package -DCMAKE_INSTALL_PREFIX=/home/ws/install/my_package
[0.207s] -- The C compiler identification is GNU 11.4.0
[0.386s] -- The CXX compiler identification is GNU 11.4.0
[0.404s] -- Detecting C compiler ABI info
[0.607s] -- Detecting C compiler ABI info - done
[0.632s] -- Check for working C compiler: /usr/bin/cc - skipped
[0.633s] -- Detecting C compile features
[0.633s] -- Detecting C compile features - done
[0.641s] -- Detecting CXX compiler ABI info
[0.884s] -- Detecting CXX compiler ABI info - done
[0.934s] -- Check for working CXX compiler: /usr/bin/c++ - skipped
[0.936s] -- Detecting CXX compile features
[0.938s] -- Detecting CXX compile features - done
[0.948s] -- Found ament_cmake: 1.3.10 (/opt/ros/humble/share/ament_cmake/cmake)
[1.356s] -- Found Python3: /usr/bin/python3 (found version "3.10.12") found components: Interpreter 
[1.623s] -- Found ament_lint_auto: 0.12.11 (/opt/ros/humble/share/ament_lint_auto/cmake)
[1.875s] -- Added test 'cppcheck' to perform static code analysis on C / C++ code
[1.876s] -- Configured cppcheck include dirs: $<BUILD_INTERFACE:/home/ws/my_package/include>
[1.876s] -- Configured cppcheck exclude dirs and/or files: 
[1.878s] -- Added test 'lint_cmake' to check CMake code style
[1.881s] -- Added test 'uncrustify' to check C / C++ code style
[1.882s] -- Configured uncrustify additional arguments: 
[1.882s] -- Added test 'xmllint' to check XML markup files
[1.887s] -- Configuring done
[1.900s] -- Generating done
[1.900s] -- Build files have been written to: /home/ws/build/my_package
[1.913s] Invoked command in '/home/ws/build/my_package' returned '0': CMAKE_PREFIX_PATH=${CMAKE_PREFIX_PATH}:/opt/ros/humble /usr/bin/cmake /home/ws/my_package -DCMAKE_INSTALL_PREFIX=/home/ws/install/my_package
[1.918s] Invoking command in '/home/ws/build/my_package': CMAKE_PREFIX_PATH=${CMAKE_PREFIX_PATH}:/opt/ros/humble /usr/bin/cmake --build /home/ws/build/my_package -- -j4 -l4
[2.038s] [ 50%] [32mBuilding CXX object CMakeFiles/my_node.dir/src/my_node.cpp.o[0m
[2.123s] [100%] [32m[1mLinking CXX executable my_node[0m
[2.262s] [100%] Built target my_node
[2.290s] Invoked command in '/home/ws/build/my_package' returned '0': CMAKE_PREFIX_PATH=${CMAKE_PREFIX_PATH}:/opt/ros/humble /usr/bin/cmake --build /home/ws/build/my_package -- -j4 -l4
[2.368s] Invoking command in '/home/ws/build/my_package': CMAKE_PREFIX_PATH=${CMAKE_PREFIX_PATH}:/opt/ros/humble /usr/bin/cmake --install /home/ws/build/my_package
[2.387s] -- Install configuration: ""
[2.389s] -- Installing: /home/ws/install/my_package/lib/my_package/my_node
[2.389s] -- Installing: /home/ws/install/my_package/share/ament_index/resource_index/package_run_dependencies/my_package
[2.390s] -- Installing: /home/ws/install/my_package/share/ament_index/resource_index/parent_prefix_path/my_package
[2.390s] -- Installing: /home/ws/install/my_package/share/my_package/environment/ament_prefix_path.sh
[2.391s] -- Installing: /home/ws/install/my_package/share/my_package/environment/ament_prefix_path.dsv
[2.391s] -- Installing: /home/ws/install/my_package/share/my_package/environment/path.sh
[2.392s] -- Installing: /home/ws/install/my_package/share/my_package/environment/path.dsv
[2.392s] -- Installing: /home/ws/install/my_package/share/my_package/local_setup.bash
[2.393s] -- Installing: /home/ws/install/my_package/share/my_package/local_setup.sh
[2.393s] -- Installing: /home/ws/install/my_package/share/my_package/local_setup.zsh
[2.394s] -- Installing: /home/ws/install/my_package/share/my_package/local_setup.dsv
[2.394s] -- Installing: /home/ws/install/my_package/share/my_package/package.dsv
[2.395s] -- Installing: /home/ws/install/my_package/share/ament_index/resource_index/packages/my_package
[2.395s] -- Installing: /home/ws/install/my_package/share/my_package/cmake/my_packageConfig.cmake
[2.396s] -- Installing: /home/ws/install/my_package/share/my_package/cmake/my_packageConfig-version.cmake
[2.396s] -- Installing: /home/ws/install/my_package/share/my_package/package.xml
[2.405s] Invoked command in '/home/ws/build/my_package' returned '0': CMAKE_PREFIX_PATH=${CMAKE_PREFIX_PATH}:/opt/ros/humble /usr/bin/cmake --install /home/ws/build/my_package
