[0.398s] DEBUG:colcon:Command line arguments: ['/usr/bin/colcon', 'build']
[0.398s] DEBUG:colcon:Parsed command line arguments: Namespace(log_base=None, log_level=None, verb_name='build', build_base='build', install_base='install', merge_install=False, symlink_install=False, test_result_base=None, continue_on_error=False, executor='parallel', parallel_workers=4, event_handlers=None, ignore_user_meta=False, metas=['./colcon.meta'], base_paths=['.'], packages_ignore=None, packages_ignore_regex=None, paths=None, packages_up_to=None, packages_up_to_regex=None, packages_above=None, packages_above_and_dependencies=None, packages_above_depth=None, packages_select_by_dep=None, packages_skip_by_dep=None, packages_skip_up_to=None, packages_select_build_failed=False, packages_skip_build_finished=False, packages_select_test_failures=False, packages_skip_test_passed=False, packages_select=None, packages_skip=None, packages_select_regex=None, packages_skip_regex=None, packages_start=None, packages_end=None, cmake_args=None, cmake_target=None, cmake_target_skip_unavailable=False, cmake_clean_cache=False, cmake_clean_first=False, cmake_force_configure=False, ament_cmake_args=None, catkin_cmake_args=None, catkin_skip_building_tests=False, mixin_files=None, mixin=None, verb_parser=<colcon_mixin.mixin.mixin_argument.MixinArgumentDecorator object at 0x7fad352560>, verb_extension=<colcon_core.verb.build.BuildVerb object at 0x7fad351fc0>, main=<bound method BuildVerb.main of <colcon_core.verb.build.BuildVerb object at 0x7fad351fc0>>, mixin_verb=('build',))
[0.773s] Level 1:colcon.colcon_core.package_discovery:discover_packages(colcon_meta) check parameters
[0.775s] INFO:colcon.colcon_metadata.package_discovery.colcon_meta:Using configuration from '/root/.colcon/metadata/default/Gazebo.meta'
[0.777s] INFO:colcon.colcon_metadata.package_discovery.colcon_meta:Using configuration from '/root/.colcon/metadata/default/fastrtps.meta'
[0.778s] Level 1:colcon.colcon_core.package_discovery:discover_packages(recursive) check parameters
[0.778s] Level 1:colcon.colcon_core.package_discovery:discover_packages(ignore) check parameters
[0.778s] Level 1:colcon.colcon_core.package_discovery:discover_packages(path) check parameters
[0.778s] Level 1:colcon.colcon_core.package_discovery:discover_packages(colcon_meta) discover
[0.778s] Level 1:colcon.colcon_core.package_discovery:discover_packages(recursive) discover
[0.778s] INFO:colcon.colcon_core.package_discovery:Crawling recursively for packages in '/home/ws'
[0.779s] Level 1:colcon.colcon_core.package_identification:_identify(.) by extensions ['ignore', 'ignore_ament_install']
[0.779s] Level 1:colcon.colcon_core.package_identification:_identify(.) by extension 'ignore'
[0.779s] Level 1:colcon.colcon_core.package_identification:_identify(.) by extension 'ignore_ament_install'
[0.779s] Level 1:colcon.colcon_core.package_identification:_identify(.) by extensions ['colcon_pkg']
[0.780s] Level 1:colcon.colcon_core.package_identification:_identify(.) by extension 'colcon_pkg'
[0.780s] Level 1:colcon.colcon_core.package_identification:_identify(.) by extensions ['colcon_meta']
[0.780s] Level 1:colcon.colcon_core.package_identification:_identify(.) by extension 'colcon_meta'
[0.780s] Level 1:colcon.colcon_core.package_identification:_identify(.) by extensions ['ros']
[0.780s] Level 1:colcon.colcon_core.package_identification:_identify(.) by extension 'ros'
[0.822s] Level 1:colcon.colcon_core.package_identification:_identify(.) by extensions ['cmake', 'python']
[0.822s] Level 1:colcon.colcon_core.package_identification:_identify(.) by extension 'cmake'
[0.822s] Level 1:colcon.colcon_core.package_identification:_identify(.) by extension 'python'
[0.822s] Level 1:colcon.colcon_core.package_identification:_identify(.) by extensions ['python_setup_py']
[0.823s] Level 1:colcon.colcon_core.package_identification:_identify(.) by extension 'python_setup_py'
[0.823s] Level 1:colcon.colcon_core.package_identification:_identify(build) by extensions ['ignore', 'ignore_ament_install']
[0.823s] Level 1:colcon.colcon_core.package_identification:_identify(build) by extension 'ignore'
[0.823s] Level 1:colcon.colcon_core.package_identification:_identify(build) ignored
[0.824s] Level 1:colcon.colcon_core.package_identification:_identify(install) by extensions ['ignore', 'ignore_ament_install']
[0.824s] Level 1:colcon.colcon_core.package_identification:_identify(install) by extension 'ignore'
[0.824s] Level 1:colcon.colcon_core.package_identification:_identify(install) ignored
[0.825s] Level 1:colcon.colcon_core.package_identification:_identify(log) by extensions ['ignore', 'ignore_ament_install']
[0.825s] Level 1:colcon.colcon_core.package_identification:_identify(log) by extension 'ignore'
[0.825s] Level 1:colcon.colcon_core.package_identification:_identify(log) ignored
[0.825s] Level 1:colcon.colcon_core.package_identification:_identify(my_package) by extensions ['ignore', 'ignore_ament_install']
[0.826s] Level 1:colcon.colcon_core.package_identification:_identify(my_package) by extension 'ignore'
[0.826s] Level 1:colcon.colcon_core.package_identification:_identify(my_package) by extension 'ignore_ament_install'
[0.826s] Level 1:colcon.colcon_core.package_identification:_identify(my_package) by extensions ['colcon_pkg']
[0.826s] Level 1:colcon.colcon_core.package_identification:_identify(my_package) by extension 'colcon_pkg'
[0.826s] Level 1:colcon.colcon_core.package_identification:_identify(my_package) by extensions ['colcon_meta']
[0.827s] Level 1:colcon.colcon_core.package_identification:_identify(my_package) by extension 'colcon_meta'
[0.827s] Level 1:colcon.colcon_core.package_identification:_identify(my_package) by extensions ['ros']
[0.827s] Level 1:colcon.colcon_core.package_identification:_identify(my_package) by extension 'ros'
[0.834s] DEBUG:colcon.colcon_core.package_identification:Package 'my_package' with type 'ros.ament_cmake' and name 'my_package'
[0.835s] Level 1:colcon.colcon_core.package_discovery:discover_packages(recursive) using defaults
[0.835s] Level 1:colcon.colcon_core.package_discovery:discover_packages(ignore) discover
[0.835s] Level 1:colcon.colcon_core.package_discovery:discover_packages(ignore) using defaults
[0.835s] Level 1:colcon.colcon_core.package_discovery:discover_packages(path) discover
[0.835s] Level 1:colcon.colcon_core.package_discovery:discover_packages(path) using defaults
[0.903s] Level 5:colcon.colcon_core.verb:set package 'my_package' build argument 'cmake_args' from command line to 'None'
[0.903s] Level 5:colcon.colcon_core.verb:set package 'my_package' build argument 'cmake_target' from command line to 'None'
[0.903s] Level 5:colcon.colcon_core.verb:set package 'my_package' build argument 'cmake_target_skip_unavailable' from command line to 'False'
[0.903s] Level 5:colcon.colcon_core.verb:set package 'my_package' build argument 'cmake_clean_cache' from command line to 'False'
[0.903s] Level 5:colcon.colcon_core.verb:set package 'my_package' build argument 'cmake_clean_first' from command line to 'False'
[0.903s] Level 5:colcon.colcon_core.verb:set package 'my_package' build argument 'cmake_force_configure' from command line to 'False'
[0.903s] Level 5:colcon.colcon_core.verb:set package 'my_package' build argument 'ament_cmake_args' from command line to 'None'
[0.903s] Level 5:colcon.colcon_core.verb:set package 'my_package' build argument 'catkin_cmake_args' from command line to 'None'
[0.903s] Level 5:colcon.colcon_core.verb:set package 'my_package' build argument 'catkin_skip_building_tests' from command line to 'False'
[0.904s] DEBUG:colcon.colcon_core.verb:Building package 'my_package' with the following arguments: {'ament_cmake_args': None, 'build_base': '/home/ws/build/my_package', 'catkin_cmake_args': None, 'catkin_skip_building_tests': False, 'cmake_args': None, 'cmake_clean_cache': False, 'cmake_clean_first': False, 'cmake_force_configure': False, 'cmake_target': None, 'cmake_target_skip_unavailable': False, 'install_base': '/home/ws/install/my_package', 'merge_install': False, 'path': '/home/ws/my_package', 'symlink_install': False, 'test_result_base': None}
[0.904s] INFO:colcon.colcon_core.executor:Executing jobs using 'parallel' executor
[0.907s] DEBUG:colcon.colcon_parallel_executor.executor.parallel:run_until_complete
[0.909s] INFO:colcon.colcon_ros.task.ament_cmake.build:Building ROS package in '/home/ws/my_package' with build type 'ament_cmake'
[0.910s] INFO:colcon.colcon_cmake.task.cmake.build:Building CMake package in '/home/ws/my_package'
[0.917s] INFO:colcon.colcon_core.plugin_system:Skipping extension 'colcon_core.shell.bat': Not used on non-Windows systems
[0.918s] INFO:colcon.colcon_core.shell:Skip shell extension 'powershell' for command environment: Not usable outside of PowerShell
[0.918s] DEBUG:colcon.colcon_core.shell:Skip shell extension 'dsv' for command environment
[0.943s] DEBUG:colcon.colcon_core.event_handler.log_command:Invoking command in '/home/ws/build/my_package': CMAKE_PREFIX_PATH=${CMAKE_PREFIX_PATH}:/opt/ros/humble /usr/bin/cmake --build /home/ws/build/my_package -- -j4 -l4
[1.097s] DEBUG:colcon.colcon_core.event_handler.log_command:Invoked command in '/home/ws/build/my_package' returned '0': CMAKE_PREFIX_PATH=${CMAKE_PREFIX_PATH}:/opt/ros/humble /usr/bin/cmake --build /home/ws/build/my_package -- -j4 -l4
[1.174s] DEBUG:colcon.colcon_core.event_handler.log_command:Invoking command in '/home/ws/build/my_package': CMAKE_PREFIX_PATH=${CMAKE_PREFIX_PATH}:/opt/ros/humble /usr/bin/cmake --install /home/ws/build/my_package
[1.202s] Level 1:colcon.colcon_core.environment:create_environment_scripts_only(my_package)
[1.209s] DEBUG:colcon.colcon_core.event_handler.log_command:Invoked command in '/home/ws/build/my_package' returned '0': CMAKE_PREFIX_PATH=${CMAKE_PREFIX_PATH}:/opt/ros/humble /usr/bin/cmake --install /home/ws/build/my_package
[1.215s] Level 1:colcon.colcon_core.environment:checking '/home/ws/install/my_package' for CMake module files
[1.217s] Level 1:colcon.colcon_core.environment:checking '/home/ws/install/my_package' for CMake config files
[1.218s] Level 1:colcon.colcon_core.shell:create_environment_hook('my_package', 'cmake_prefix_path')
[1.219s] INFO:colcon.colcon_core.shell:Creating environment hook '/home/ws/install/my_package/share/my_package/hook/cmake_prefix_path.ps1'
[1.221s] INFO:colcon.colcon_core.shell:Creating environment descriptor '/home/ws/install/my_package/share/my_package/hook/cmake_prefix_path.dsv'
[1.222s] INFO:colcon.colcon_core.shell:Creating environment hook '/home/ws/install/my_package/share/my_package/hook/cmake_prefix_path.sh'
[1.226s] Level 1:colcon.colcon_core.environment:checking '/home/ws/install/my_package/lib'
[1.226s] Level 1:colcon.colcon_core.environment:checking '/home/ws/install/my_package/bin'
[1.227s] Level 1:colcon.colcon_core.environment:checking '/home/ws/install/my_package/lib/pkgconfig/my_package.pc'
[1.233s] Level 1:colcon.colcon_core.environment:checking '/home/ws/install/my_package/lib/python3.10/site-packages'
[1.233s] Level 1:colcon.colcon_core.environment:checking '/home/ws/install/my_package/bin'
[1.235s] INFO:colcon.colcon_core.shell:Creating package script '/home/ws/install/my_package/share/my_package/package.ps1'
[1.237s] INFO:colcon.colcon_core.shell:Creating package descriptor '/home/ws/install/my_package/share/my_package/package.dsv'
[1.239s] INFO:colcon.colcon_core.shell:Creating package script '/home/ws/install/my_package/share/my_package/package.sh'
[1.242s] INFO:colcon.colcon_core.shell:Creating package script '/home/ws/install/my_package/share/my_package/package.bash'
[1.245s] INFO:colcon.colcon_core.shell:Creating package script '/home/ws/install/my_package/share/my_package/package.zsh'
[1.247s] Level 1:colcon.colcon_core.environment:create_file_with_runtime_dependencies(/home/ws/install/my_package/share/colcon-core/packages/my_package)
[1.301s] Level 1:colcon.colcon_core.environment:create_environment_scripts_only(my_package)
[1.301s] Level 1:colcon.colcon_core.environment:checking '/home/ws/install/my_package' for CMake module files
[1.303s] Level 1:colcon.colcon_core.environment:checking '/home/ws/install/my_package' for CMake config files
[1.304s] Level 1:colcon.colcon_core.shell:create_environment_hook('my_package', 'cmake_prefix_path')
[1.305s] INFO:colcon.colcon_core.shell:Creating environment hook '/home/ws/install/my_package/share/my_package/hook/cmake_prefix_path.ps1'
[1.307s] INFO:colcon.colcon_core.shell:Creating environment descriptor '/home/ws/install/my_package/share/my_package/hook/cmake_prefix_path.dsv'
[1.309s] INFO:colcon.colcon_core.shell:Creating environment hook '/home/ws/install/my_package/share/my_package/hook/cmake_prefix_path.sh'
[1.311s] Level 1:colcon.colcon_core.environment:checking '/home/ws/install/my_package/lib'
[1.312s] Level 1:colcon.colcon_core.environment:checking '/home/ws/install/my_package/bin'
[1.312s] Level 1:colcon.colcon_core.environment:checking '/home/ws/install/my_package/lib/pkgconfig/my_package.pc'
[1.313s] Level 1:colcon.colcon_core.environment:checking '/home/ws/install/my_package/lib/python3.10/site-packages'
[1.314s] Level 1:colcon.colcon_core.environment:checking '/home/ws/install/my_package/bin'
[1.315s] INFO:colcon.colcon_core.shell:Creating package script '/home/ws/install/my_package/share/my_package/package.ps1'
[1.317s] INFO:colcon.colcon_core.shell:Creating package descriptor '/home/ws/install/my_package/share/my_package/package.dsv'
[1.319s] INFO:colcon.colcon_core.shell:Creating package script '/home/ws/install/my_package/share/my_package/package.sh'
[1.321s] INFO:colcon.colcon_core.shell:Creating package script '/home/ws/install/my_package/share/my_package/package.bash'
[1.322s] INFO:colcon.colcon_core.shell:Creating package script '/home/ws/install/my_package/share/my_package/package.zsh'
[1.324s] Level 1:colcon.colcon_core.environment:create_file_with_runtime_dependencies(/home/ws/install/my_package/share/colcon-core/packages/my_package)
[1.325s] DEBUG:colcon.colcon_parallel_executor.executor.parallel:closing loop
[1.326s] DEBUG:colcon.colcon_parallel_executor.executor.parallel:loop closed
[1.327s] DEBUG:colcon.colcon_parallel_executor.executor.parallel:run_until_complete finished with '0'
[1.327s] DEBUG:colcon.colcon_core.event_reactor:joining thread
[1.344s] INFO:colcon.colcon_core.plugin_system:Skipping extension 'colcon_notification.desktop_notification.notify_send': Could not find 'notify-send'
[1.344s] INFO:colcon.colcon_core.plugin_system:Skipping extension 'colcon_notification.desktop_notification.terminal_notifier': Not used on non-Darwin systems
[1.344s] INFO:colcon.colcon_core.plugin_system:Skipping extension 'colcon_notification.desktop_notification.win32': Not used on non-Windows systems
[1.345s] INFO:colcon.colcon_notification.desktop_notification:Sending desktop notification using 'notify2'
[1.345s] DEBUG:colcon.colcon_notification.desktop_notification.notify2:Failed to initialize notify2: org.freedesktop.DBus.Error.NotSupported: Unable to autolaunch a dbus-daemon without a $DISPLAY for X11
[1.345s] DEBUG:colcon.colcon_core.event_reactor:joined thread
[1.346s] INFO:colcon.colcon_core.shell:Creating prefix script '/home/ws/install/local_setup.ps1'
[1.349s] INFO:colcon.colcon_core.shell:Creating prefix util module '/home/ws/install/_local_setup_util_ps1.py'
[1.354s] INFO:colcon.colcon_core.shell:Creating prefix chain script '/home/ws/install/setup.ps1'
[1.358s] INFO:colcon.colcon_core.shell:Creating prefix script '/home/ws/install/local_setup.sh'
[1.360s] INFO:colcon.colcon_core.shell:Creating prefix util module '/home/ws/install/_local_setup_util_sh.py'
[1.362s] INFO:colcon.colcon_core.shell:Creating prefix chain script '/home/ws/install/setup.sh'
[1.365s] INFO:colcon.colcon_core.shell:Creating prefix script '/home/ws/install/local_setup.bash'
[1.367s] INFO:colcon.colcon_core.shell:Creating prefix chain script '/home/ws/install/setup.bash'
[1.371s] INFO:colcon.colcon_core.shell:Creating prefix script '/home/ws/install/local_setup.zsh'
[1.373s] INFO:colcon.colcon_core.shell:Creating prefix chain script '/home/ws/install/setup.zsh'
