[0.034s] Invoking command in '/home/ws/build/my_package': CMAKE_PREFIX_PATH=${CMAKE_PREFIX_PATH}:/opt/ros/humble /usr/bin/cmake --build /home/ws/build/my_package -- -j4 -l4
[0.112s] -- Found ament_cmake: 1.3.10 (/opt/ros/humble/share/ament_cmake/cmake)
[0.501s] -- Found rclcpp: 16.0.10 (/opt/ros/humble/share/rclcpp/cmake)
[0.568s] -- Found rosidl_generator_c: 3.1.5 (/opt/ros/humble/share/rosidl_generator_c/cmake)
[0.576s] -- Found rosidl_adapter: 3.1.5 (/opt/ros/humble/share/rosidl_adapter/cmake)
[0.594s] -- Found rosidl_generator_cpp: 3.1.5 (/opt/ros/humble/share/rosidl_generator_cpp/cmake)
[0.624s] -- Using all available rosidl_typesupport_c: rosidl_typesupport_fastrtps_c;rosidl_typesupport_introspection_c
[0.664s] -- Using all available rosidl_typesupport_cpp: rosidl_typesupport_fastrtps_cpp;rosidl_typesupport_introspection_cpp
[0.762s] -- Found rmw_implementation_cmake: 6.1.2 (/opt/ros/humble/share/rmw_implementation_cmake/cmake)
[0.766s] -- Found rmw_fastrtps_cpp: 6.2.7 (/opt/ros/humble/share/rmw_fastrtps_cpp/cmake)
[0.952s] -- Using RMW implementation 'rmw_fastrtps_cpp' as default
[1.116s] -- Checking for module 'pigpio'
[1.121s] --   No package 'pigpio' found
[1.122s] [31mCMake Error at /usr/share/cmake-3.22/Modules/FindPkgConfig.cmake:603 (message):
[1.122s]   A required package was not found
[1.123s] Call Stack (most recent call first):
[1.123s]   /usr/share/cmake-3.22/Modules/FindPkgConfig.cmake:825 (_pkg_check_modules_internal)
[1.123s]   CMakeLists.txt:13 (pkg_check_modules)
[1.123s] 
[1.124s] [0m
[1.124s] -- Configuring incomplete, errors occurred!
[1.125s] See also "/home/ws/build/my_package/CMakeFiles/CMakeOutput.log".
[1.142s] gmake: *** [Makefile:267: cmake_check_build_system] Error 1
[1.147s] Invoked command in '/home/ws/build/my_package' returned '2': CMAKE_PREFIX_PATH=${CMAKE_PREFIX_PATH}:/opt/ros/humble /usr/bin/cmake --build /home/ws/build/my_package -- -j4 -l4
