[0.039s] Invoking command in '/home/ws/build/my_package': CMAKE_PREFIX_PATH=${CMAKE_PREFIX_PATH}:/opt/ros/humble /usr/bin/cmake --build /home/ws/build/my_package -- -j4 -l4
[0.202s] [100%] Built target my_node
[0.227s] Invoked command in '/home/ws/build/my_package' returned '0': CMAKE_PREFIX_PATH=${CMAKE_PREFIX_PATH}:/opt/ros/humble /usr/bin/cmake --build /home/ws/build/my_package -- -j4 -l4
[0.306s] Invoking command in '/home/ws/build/my_package': CMAKE_PREFIX_PATH=${CMAKE_PREFIX_PATH}:/opt/ros/humble /usr/bin/cmake --install /home/ws/build/my_package
[0.328s] -- Install configuration: ""
[0.329s] -- Up-to-date: /home/ws/install/my_package/lib/my_package/my_node
[0.329s] -- Up-to-date: /home/ws/install/my_package/share/ament_index/resource_index/package_run_dependencies/my_package
[0.329s] -- Up-to-date: /home/ws/install/my_package/share/ament_index/resource_index/parent_prefix_path/my_package
[0.330s] -- Up-to-date: /home/ws/install/my_package/share/my_package/environment/ament_prefix_path.sh
[0.330s] -- Up-to-date: /home/ws/install/my_package/share/my_package/environment/ament_prefix_path.dsv
[0.331s] -- Up-to-date: /home/ws/install/my_package/share/my_package/environment/path.sh
[0.333s] -- Up-to-date: /home/ws/install/my_package/share/my_package/environment/path.dsv
[0.333s] -- Up-to-date: /home/ws/install/my_package/share/my_package/local_setup.bash
[0.334s] -- Up-to-date: /home/ws/install/my_package/share/my_package/local_setup.sh
[0.334s] -- Up-to-date: /home/ws/install/my_package/share/my_package/local_setup.zsh
[0.335s] -- Up-to-date: /home/ws/install/my_package/share/my_package/local_setup.dsv
[0.335s] -- Installing: /home/ws/install/my_package/share/my_package/package.dsv
[0.336s] -- Up-to-date: /home/ws/install/my_package/share/ament_index/resource_index/packages/my_package
[0.337s] -- Up-to-date: /home/ws/install/my_package/share/my_package/cmake/my_packageConfig.cmake
[0.337s] -- Up-to-date: /home/ws/install/my_package/share/my_package/cmake/my_packageConfig-version.cmake
[0.337s] -- Up-to-date: /home/ws/install/my_package/share/my_package/package.xml
[0.338s] Invoked command in '/home/ws/build/my_package' returned '0': CMAKE_PREFIX_PATH=${CMAKE_PREFIX_PATH}:/opt/ros/humble /usr/bin/cmake --install /home/ws/build/my_package
