[0.033s] Invoking command in '/home/ws/build/my_package': CMAKE_PREFIX_PATH=${CMAKE_PREFIX_PATH}:/opt/ros/humble /usr/bin/cmake --build /home/ws/build/my_package -- -j4 -l4
[0.130s] [35m[1mConsolidate compiler generated dependencies of target my_node[0m
[0.157s] [100%] Built target my_node
[0.186s] Invoked command in '/home/ws/build/my_package' returned '0': CMAKE_PREFIX_PATH=${CMAKE_PREFIX_PATH}:/opt/ros/humble /usr/bin/cmake --build /home/ws/build/my_package -- -j4 -l4
[0.264s] Invoking command in '/home/ws/build/my_package': CMAKE_PREFIX_PATH=${CMAKE_PREFIX_PATH}:/opt/ros/humble /usr/bin/cmake --install /home/ws/build/my_package
[0.283s] -- Install configuration: ""
[0.286s] -- Up-to-date: /home/ws/install/my_package/lib/my_package/my_node
[0.287s] -- Up-to-date: /home/ws/install/my_package/share/ament_index/resource_index/package_run_dependencies/my_package
[0.287s] -- Up-to-date: /home/ws/install/my_package/share/ament_index/resource_index/parent_prefix_path/my_package
[0.287s] -- Up-to-date: /home/ws/install/my_package/share/my_package/environment/ament_prefix_path.sh
[0.288s] -- Up-to-date: /home/ws/install/my_package/share/my_package/environment/ament_prefix_path.dsv
[0.291s] -- Up-to-date: /home/ws/install/my_package/share/my_package/environment/path.sh
[0.292s] -- Up-to-date: /home/ws/install/my_package/share/my_package/environment/path.dsv
[0.293s] -- Up-to-date: /home/ws/install/my_package/share/my_package/local_setup.bash
[0.294s] -- Up-to-date: /home/ws/install/my_package/share/my_package/local_setup.sh
[0.294s] -- Up-to-date: /home/ws/install/my_package/share/my_package/local_setup.zsh
[0.295s] -- Up-to-date: /home/ws/install/my_package/share/my_package/local_setup.dsv
[0.295s] -- Up-to-date: /home/ws/install/my_package/share/my_package/package.dsv
[0.296s] -- Up-to-date: /home/ws/install/my_package/share/ament_index/resource_index/packages/my_package
[0.296s] -- Up-to-date: /home/ws/install/my_package/share/my_package/cmake/my_packageConfig.cmake
[0.298s] -- Up-to-date: /home/ws/install/my_package/share/my_package/cmake/my_packageConfig-version.cmake
[0.298s] -- Up-to-date: /home/ws/install/my_package/share/my_package/package.xml
[0.299s] Invoked command in '/home/ws/build/my_package' returned '0': CMAKE_PREFIX_PATH=${CMAKE_PREFIX_PATH}:/opt/ros/humble /usr/bin/cmake --install /home/ws/build/my_package
